# JRE version: Java(TM) SE Runtime Environment (20.0.2+9) (build 20.0.2+9-78)
# Java VM: Java HotSpot(TM) 64-Bit Server VM (20.0.2+9-78, mixed mode, sharing, tiered, compressed oops, compressed class ptrs, g1 gc, windows-amd64)
GC Precious Log:
 CardTable entry size: 512
 Card Set container configuration: InlinePtr #cards 5 size 8 Array Of Cards #cards 12 size 40 Howl #buckets 4 coarsen threshold 1843 Howl Bitmap #cards 512 size 80 coarsen threshold 460 Card regions per heap region 1 cards per card region 2048
 CPUs: 4 total, 4 available
 Memory: 8068M
 Large Page Support: Disabled
 NUMA Support: Disabled
 Compressed Oops: Enabled (32-bit)
 Heap Region Size: 1M
 Heap Min Capacity: 8M
 Heap Initial Capacity: 128M
 Heap Max Capacity: 2018M
 Pre-touch: Disabled
 Parallel Workers: 4
 Concurrent Workers: 1
 Concurrent Refinement Workers: 4
 Periodic GC: Disabled
Heap:
 garbage-first heap   total 71680K, used 46853K [0x0000000081e00000, 0x0000000100000000)
  region size 1024K, 29 young (29696K), 4 survivors (4096K)
 Metaspace       used 59795K, committed 60416K, reserved 1114112K
  class space    used 8102K, committed 8384K, reserved 1048576K
GC Heap History (20 events):
Event: 0.800 GC heap before
{Heap before GC invocations=0 (full 0):
 garbage-first heap   total 131072K, used 13312K [0x0000000081e00000, 0x0000000100000000)
  region size 1024K, 13 young (13312K), 0 survivors (0K)
 Metaspace       used 2663K, committed 2816K, reserved 1114112K
  class space    used 290K, committed 384K, reserved 1048576K
}
Event: 0.804 GC heap after
{Heap after GC invocations=1 (full 0):
 garbage-first heap   total 131072K, used 5981K [0x0000000081e00000, 0x0000000100000000)
  region size 1024K, 2 young (2048K), 2 survivors (2048K)
 Metaspace       used 2663K, committed 2816K, reserved 1114112K
  class space    used 290K, committed 384K, reserved 1048576K
}
Event: 1.248 GC heap before
{Heap before GC invocations=1 (full 0):
 garbage-first heap   total 131072K, used 19293K [0x0000000081e00000, 0x0000000100000000)
  region size 1024K, 15 young (15360K), 2 survivors (2048K)
 Metaspace       used 6510K, committed 6720K, reserved 1114112K
  class space    used 802K, committed 896K, reserved 1048576K
}
Event: 1.253 GC heap after
{Heap after GC invocations=2 (full 0):
 garbage-first heap   total 131072K, used 7357K [0x0000000081e00000, 0x0000000100000000)
  region size 1024K, 2 young (2048K), 2 survivors (2048K)
 Metaspace       used 6510K, committed 6720K, reserved 1114112K
  class space    used 802K, committed 896K, reserved 1048576K
}
Event: 2.619 GC heap before
{Heap before GC invocations=2 (full 0):
 garbage-first heap   total 131072K, used 35005K [0x0000000081e00000, 0x0000000100000000)
  region size 1024K, 30 young (30720K), 2 survivors (2048K)
 Metaspace       used 13974K, committed 14208K, reserved 1114112K
  class space    used 1801K, committed 1920K, reserved 1048576K
}
Event: 2.624 GC heap after
{Heap after GC invocations=3 (full 0):
 garbage-first heap   total 131072K, used 9643K [0x0000000081e00000, 0x0000000100000000)
  region size 1024K, 4 young (4096K), 4 survivors (4096K)
 Metaspace       used 13974K, committed 14208K, reserved 1114112K
  class space    used 1801K, committed 1920K, reserved 1048576K
}
Event: 3.606 GC heap before
{Heap before GC invocations=3 (full 0):
 garbage-first heap   total 131072K, used 49579K [0x0000000081e00000, 0x0000000100000000)
  region size 1024K, 45 young (46080K), 4 survivors (4096K)
 Metaspace       used 21198K, committed 21504K, reserved 1114112K
  class space    used 2656K, committed 2816K, reserved 1048576K
}
Event: 3.617 GC heap after
{Heap after GC invocations=4 (full 0):
 garbage-first heap   total 131072K, used 12804K [0x0000000081e00000, 0x0000000100000000)
  region size 1024K, 7 young (7168K), 7 survivors (7168K)
 Metaspace       used 21198K, committed 21504K, reserved 1114112K
  class space    used 2656K, committed 2816K, reserved 1048576K
}
Event: 4.916 GC heap before
{Heap before GC invocations=5 (full 0):
 garbage-first heap   total 48128K, used 47620K [0x0000000081e00000, 0x0000000100000000)
  region size 1024K, 41 young (41984K), 7 survivors (7168K)
 Metaspace       used 27177K, committed 27648K, reserved 1114112K
  class space    used 3507K, committed 3712K, reserved 1048576K
}
Event: 4.929 GC heap after
{Heap after GC invocations=6 (full 0):
 garbage-first heap   total 59392K, used 16173K [0x0000000081e00000, 0x0000000100000000)
  region size 1024K, 7 young (7168K), 7 survivors (7168K)
 Metaspace       used 27177K, committed 27648K, reserved 1114112K
  class space    used 3507K, committed 3712K, reserved 1048576K
}
Event: 5.807 GC heap before
{Heap before GC invocations=6 (full 0):
 garbage-first heap   total 59392K, used 42797K [0x0000000081e00000, 0x0000000100000000)
  region size 1024K, 34 young (34816K), 7 survivors (7168K)
 Metaspace       used 34774K, committed 35200K, reserved 1114112K
  class space    used 4431K, committed 4608K, reserved 1048576K
}
Event: 5.816 GC heap after
{Heap after GC invocations=7 (full 0):
 garbage-first heap   total 59392K, used 17151K [0x0000000081e00000, 0x0000000100000000)
  region size 1024K, 2 young (2048K), 2 survivors (2048K)
 Metaspace       used 34774K, committed 35200K, reserved 1114112K
  class space    used 4431K, committed 4608K, reserved 1048576K
}
Event: 5.892 GC heap before
{Heap before GC invocations=7 (full 0):
 garbage-first heap   total 59392K, used 19199K [0x0000000081e00000, 0x0000000100000000)
  region size 1024K, 5 young (5120K), 2 survivors (2048K)
 Metaspace       used 35442K, committed 35968K, reserved 1114112K
  class space    used 4529K, committed 4800K, reserved 1048576K
}
Event: 5.895 GC heap after
{Heap after GC invocations=8 (full 0):
 garbage-first heap   total 59392K, used 17292K [0x0000000081e00000, 0x0000000100000000)
  region size 1024K, 2 young (2048K), 2 survivors (2048K)
 Metaspace       used 35442K, committed 35968K, reserved 1114112K
  class space    used 4529K, committed 4800K, reserved 1048576K
}
Event: 7.123 GC heap before
{Heap before GC invocations=9 (full 0):
 garbage-first heap   total 59392K, used 50060K [0x0000000081e00000, 0x0000000100000000)
  region size 1024K, 34 young (34816K), 2 survivors (2048K)
 Metaspace       used 44238K, committed 44672K, reserved 1114112K
  class space    used 5865K, committed 6080K, reserved 1048576K
}
Event: 7.128 GC heap after
{Heap after GC invocations=10 (full 0):
 garbage-first heap   total 59392K, used 18825K [0x0000000081e00000, 0x0000000100000000)
  region size 1024K, 4 young (4096K), 4 survivors (4096K)
 Metaspace       used 44238K, committed 44672K, reserved 1114112K
  class space    used 5865K, committed 6080K, reserved 1048576K
}
Event: 7.977 GC heap before
{Heap before GC invocations=10 (full 0):
 garbage-first heap   total 59392K, used 49545K [0x0000000081e00000, 0x0000000100000000)
  region size 1024K, 34 young (34816K), 4 survivors (4096K)
 Metaspace       used 52041K, committed 52544K, reserved 1114112K
  class space    used 7063K, committed 7296K, reserved 1048576K
}
Event: 7.986 GC heap after
{Heap after GC invocations=11 (full 0):
 garbage-first heap   total 59392K, used 19993K [0x0000000081e00000, 0x0000000100000000)
  region size 1024K, 4 young (4096K), 4 survivors (4096K)
 Metaspace       used 52041K, committed 52544K, reserved 1114112K
  class space    used 7063K, committed 7296K, reserved 1048576K
}
Event: 8.825 GC heap before
{Heap before GC invocations=11 (full 0):
 garbage-first heap   total 59392K, used 49689K [0x0000000081e00000, 0x0000000100000000)
  region size 1024K, 33 young (33792K), 4 survivors (4096K)
 Metaspace       used 56073K, committed 56640K, reserved 1114112K
  class space    used 7575K, committed 7808K, reserved 1048576K
}
Event: 8.831 GC heap after
{Heap after GC invocations=12 (full 0):
 garbage-first heap   total 71680K, used 22277K [0x0000000081e00000, 0x0000000100000000)
  region size 1024K, 4 young (4096K), 4 survivors (4096K)
 Metaspace       used 56073K, committed 56640K, reserved 1114112K
  class space    used 7575K, committed 7808K, reserved 1048576K
}

